<?xml version="1.0" encoding="UTF-8"?>
<!-- Generated by org.testng.reporters.JUnitReportReporter -->
<testsuite hostname="mahak-PC" name="grid2.testCases.Test_googleSearch" tests="2" failures="0" timestamp="26 Dec 2015 21:25:44 GMT" time="13.355" errors="0">
  <testcase name="searchTest" time="5.624" classname="grid2.testCases.Test_googleSearch"/>
  <testcase name="searchTest" time="7.731" classname="grid2.testCases.Test_googleSearch"/>
</testsuite> <!-- grid2.testCases.Test_googleSearch -->
