<?xml version="1.0" encoding="UTF-8"?>
<!-- Generated by org.testng.reporters.JUnitReportReporter -->
<testsuite hostname="mahak-PC" name="Module9.ParameterizingTest" tests="3" failures="0" timestamp="19 Dec 2015 18:42:11 GMT" time="0.018" errors="0">
  <testcase name="registerTest" time="0.001" classname="Module9.ParameterizingTest"/>
  <testcase name="registerTest" time="0.016" classname="Module9.ParameterizingTest"/>
  <testcase name="registerTest" time="0.001" classname="Module9.ParameterizingTest"/>
</testsuite> <!-- Module9.ParameterizingTest -->
