<?xml version="1.0" encoding="UTF-8"?>
<!-- Generated by org.testng.reporters.JUnitReportReporter -->
<testsuite hostname="mahak-PC" name="Module9.PrioritizingTestCases" tests="3" failures="0" timestamp="16 Dec 2015 06:18:29 GMT" time="0.020" errors="0">
  <testcase name="logoutTest" time="0.001" classname="Module9.PrioritizingTestCases"/>
  <testcase name="loginTest" time="0.018" classname="Module9.PrioritizingTestCases"/>
  <testcase name="changePassword" time="0.001" classname="Module9.PrioritizingTestCases"/>
</testsuite> <!-- Module9.PrioritizingTestCases -->
