<?xml version="1.0" encoding="UTF-8"?>
<!-- Generated by org.testng.reporters.JUnitReportReporter -->
<testsuite hostname="mahak-PC" name="Module9.LoginTest" tests="3" failures="0" timestamp="19 Dec 2015 19:22:33 GMT" time="0.023" errors="0">
  <testcase name="loginTest" time="0.019" classname="Module9.LoginTest"/>
  <testcase name="loginTest" time="0.002" classname="Module9.LoginTest"/>
  <testcase name="loginTest" time="0.002" classname="Module9.LoginTest"/>
</testsuite> <!-- Module9.LoginTest -->
