<?xml version="1.0" encoding="UTF-8"?>
<!-- Generated by org.testng.reporters.JUnitReportReporter -->
<testsuite hostname="mahak-PC" name="testing.NewTest" tests="1" failures="0" timestamp="5 Dec 2015 12:49:20 GMT" time="0.006" errors="0">
  <testcase name="testSendEmail" time="0.006" classname="testing.NewTest"/>
</testsuite> <!-- testing.NewTest -->
