<?xml version="1.0" encoding="UTF-8"?>
<!-- Generated by org.testng.reporters.JUnitReportReporter -->
<testsuite hostname="mahak-PC" name="testing.NewTest3" tests="3" failures="0" timestamp="5 Dec 2015 12:49:20 GMT" time="0.007" errors="0">
  <testcase name="arrayTest" time="0.003" classname="testing.NewTest3"/>
  <testcase name="testRegister" time="0.002" classname="testing.NewTest3"/>
  <testcase name="testRegister" time="0.002" classname="testing.NewTest3"/>
</testsuite> <!-- testing.NewTest3 -->
