<?xml version="1.0" encoding="UTF-8"?>
<!-- Generated by org.testng.reporters.JUnitReportReporter -->
<testsuite hostname="mahak-PC" name="testing.NewTest2" tests="1" failures="1" timestamp="5 Dec 2015 12:49:20 GMT" time="0.001" errors="0">
  <testcase name="testMethod" time="0.001" classname="testing.NewTest2"/>
</testsuite> <!-- testing.NewTest2 -->
