<?xml version="1.0" encoding="UTF-8"?>
<!-- Generated by org.testng.reporters.JUnitReportReporter -->
<testsuite hostname="mahak-PC" name="testing.SeleniumTest" tests="1" failures="0" timestamp="5 Dec 2015 13:14:04 GMT" time="1.494" errors="0">
  <testcase name="testSelectDate" time="1.494" classname="testing.SeleniumTest"/>
</testsuite> <!-- testing.SeleniumTest -->
