<?xml version="1.0" encoding="UTF-8"?>
<!-- Generated by org.testng.reporters.JUnitReportReporter -->
<testsuite hostname="mahak-PC" name="testcases.NewTest" tests="2" failures="0" timestamp="7 Jul 2015 19:14:43 GMT" time="0.020" errors="0">
  <testcase name="yahooTest" time="0.001" classname="testcases.NewTest"/>
  <testcase name="googleAppTest" time="0.019" classname="testcases.NewTest"/>
</testsuite> <!-- testcases.NewTest -->
