<?xml version="1.0" encoding="UTF-8"?>
<!-- Generated by org.testng.reporters.JUnitReportReporter -->
<testsuite hostname="mahak-PC" name="mypackage.NewTest" tests="2" failures="0" timestamp="1 Jul 2015 18:23:16 GMT" time="0.018" errors="0">
  <testcase name="yahooTest" time="0.001" classname="mypackage.NewTest"/>
  <testcase name="googleAppTest" time="0.017" classname="mypackage.NewTest"/>
</testsuite> <!-- mypackage.NewTest -->
