<?xml version="1.0" encoding="UTF-8"?>
<!-- Generated by org.testng.reporters.JUnitReportReporter -->
<testsuite hostname="mahak-PC" name="mypackage.NewTestNg" tests="4" failures="0" timestamp="7 Jul 2015 19:11:51 GMT" time="22.707" errors="0">
  <testcase name="verifyInvalidLogin" time="4.191" classname="mypackage.NewTestNg"/>
  <testcase name="verifyInvalidLogin" time="3.652" classname="mypackage.NewTestNg"/>
  <testcase name="verifyInvalidLogin" time="3.741" classname="mypackage.NewTestNg"/>
  <testcase name="verifyInvalidLogin" time="11.123" classname="mypackage.NewTestNg"/>
</testsuite> <!-- mypackage.NewTestNg -->
