<?xml version="1.0" encoding="UTF-8" ?>
<testsuite errors="0" failures="0" hostname="mahak-PC" name="junit.test.ParameterizedTestCase" skipped="0" tests="2" time="0.072" timestamp="2015-11-14T14:13:15">
  <properties>
    <property name="java.vendor" value="Oracle Corporation" />
    <property name="sun.java.launcher" value="SUN_STANDARD" />
    <property name="start.time" value="11/14/2015 07:43 PM" />
    <property name="sun.management.compiler" value="HotSpot 64-Bit Tiered Compilers" />
    <property name="ant.file.type.jUnitTest_Ant" value="file" />
    <property name="env.PROMPT" value="$P$G" />
    <property name="test.reportsDir" value="C:\eclipse-workspace\jUnitTest/reports" />
    <property name="os.name" value="Windows 7" />
    <property name="env.FP_NO_HOST_CHECK" value="NO" />
    <property name="sun.boot.class.path" value="C:\Program Files\Java\jre8\lib\resources.jar;C:\Program Files\Java\jre8\lib\rt.jar;C:\Program Files\Java\jre8\lib\sunrsasign.jar;C:\Program Files\Java\jre8\lib\jsse.jar;C:\Program Files\Java\jre8\lib\jce.jar;C:\Program Files\Java\jre8\lib\charsets.jar;C:\Program Files\Java\jre8\lib\jfr.jar;C:\Program Files\Java\jre8\classes" />
    <property name="ws.home" value="C:\eclipse-workspace\jUnitTest" />
    <property name="env.COMPUTERNAME" value="MAHAK-PC" />
    <property name="env.CommonProgramW6432" value="C:\Program Files\Common Files" />
    <property name="TODAY" value="November 14 2015" />
    <property name="env.ALLUSERSPROFILE" value="C:\ProgramData" />
    <property name="sun.desktop" value="windows" />
    <property name="java.vm.specification.vendor" value="Oracle Corporation" />
    <property name="ant.home" value="C:\Users\mahak\Downloads\apache-ant-1.9.6-bin\apache-ant-1.9.6" />
    <property name="java.runtime.version" value="1.8.0_05-b13" />
    <property name="env.HOMEPATH" value="\Users\mahak" />
    <property name="test.classpath" value="C:\jars\commons-logging-1.1.3.jar:C:\jars\hamcrest-all-1.1.jar:C:\jars\junit-4.12.jar:C:\jars\jxl.jar:C:\jars\log4j-1.2.17.jar:C:\jars\mysql-connector-java-5.0.8-bin.jar:C:\jars\poi-3.13-20150929.jar:C:\jars\poi-ooxml-3.13-20150929.jar:C:\jars\poi-ooxml-schemas-3.13-20150929.jar:C:\jars\xmlbeans-2.6.0.jar" />
    <property name="user.name" value="mahak" />
    <property name="user.language" value="en" />
    <property name="env.windows_tracing_flags" value="3" />
    <property name="sun.boot.library.path" value="C:\Program Files\Java\jre8\bin" />
    <property name="ant.project.default-target" value="usage" />
    <property name="ant.project.name" value="jUnitTest_Ant" />
    <property name="DSTAMP" value="20151114" />
    <property name="java.version" value="1.8.0_05" />
    <property name="env.PROCESSOR_IDENTIFIER" value="Intel64 Family 6 Model 42 Stepping 7, GenuineIntel" />
    <property name="user.timezone" value="Asia/Calcutta" />
    <property name="env.asl.log" value="Destination=file" />
    <property name="env.TEMP" value="C:\Users\mahak\AppData\Local\Temp" />
    <property name="sun.arch.data.model" value="64" />
    <property name="java.endorsed.dirs" value="C:\Program Files\Java\jre8\lib\endorsed" />
    <property name="env._JAVACMD" value="java.exe" />
    <property name="sun.cpu.isalist" value="amd64" />
    <property name="env.HOMEDRIVE" value="C:" />
    <property name="sun.jnu.encoding" value="Cp1252" />
    <property name="file.encoding.pkg" value="sun.io" />
    <property name="file.separator" value="\" />
    <property name="java.specification.name" value="Java Platform API Specification" />
    <property name="java.class.version" value="52.0" />
    <property name="user.country" value="US" />
    <property name="java.home" value="C:\Program Files\Java\jre8" />
    <property name="env.PSModulePath" value="C:\Windows\system32\WindowsPowerShell\v1.0\Modules\" />
    <property name="env.APPDATA" value="C:\Users\mahak\AppData\Roaming" />
    <property name="env.PUBLIC" value="C:\Users\Public" />
    <property name="env.windows_tracing_logfile" value="C:\BVTBin\Tests\installpackage\csilogfile.log" />
    <property name="java.vm.info" value="mixed mode" />
    <property name="env.ComSpec" value="C:\Windows\system32\cmd.exe" />
    <property name="env.OS" value="Windows_NT" />
    <property name="env.CommonProgramFiles" value="C:\Program Files\Common Files" />
    <property name="ant.file" value="C:\eclipse-workspace\jUnitTest\build.xml" />
    <property name="os.version" value="6.1" />
    <property name="env.ProgramW6432" value="C:\Program Files" />
    <property name="env._USE_CLASSPATH" value="no" />
    <property name="env.=::" value="::\" />
    <property name="path.separator" value=";" />
    <property name="java.vm.version" value="25.5-b02" />
    <property name="env.USERPROFILE" value="C:\Users\mahak" />
    <property name="user.variant" value="" />
    <property name="ant.library.dir" value="C:\Users\mahak\Downloads\apache-ant-1.9.6-bin\apache-ant-1.9.6\lib" />
    <property name="java.awt.printerjob" value="sun.awt.windows.WPrinterJob" />
    <property name="env.TMP" value="C:\Users\mahak\AppData\Local\Temp" />
    <property name="sun.io.unicode.encoding" value="UnicodeLittle" />
    <property name="awt.toolkit" value="sun.awt.windows.WToolkit" />
    <property name="sun.stdout.encoding" value="cp437" />
    <property name="user.script" value="" />
    <property name="user.home" value="C:\Users\mahak" />
    <property name="test.dest" value="C:\eclipse-workspace\jUnitTest/build" />
    <property name="env.ProgramData" value="C:\ProgramData" />
    <property name="env.SESSIONNAME" value="Console" />
    <property name="env.ProgramFiles(x86)" value="C:\Program Files (x86)" />
    <property name="java.specification.vendor" value="Oracle Corporation" />
    <property name="java.vendor.url" value="http://java.oracle.com/" />
    <property name="java.library.path" value="C:\Program Files\Java\jre8\bin;C:\Windows\Sun\Java\bin;C:\Windows\system32;C:\Windows;C:\Windows\system32;C:\Windows;C:\Windows\System32\Wbem;C:\Windows\System32\WindowsPowerShell\v1.0\;C:\Program Files\Java\jdk1.8.0_05\bin;C:\Dev-Cpp\bin;C:\Program Files (x86)\MySQL\MySQL Fabric 1.5.4 &amp; MySQL Utilities 1.5.4 1.5\;C:\Program Files (x86)\MySQL\MySQL Fabric 1.5.4 &amp; MySQL Utilities 1.5.4 1.5\Doctrine extensions for PHP\;C:\Program Files (x86)\Microsoft SQL Server\100\Tools\Binn\;C:\Program Files\Microsoft SQL Server\100\Tools\Binn\;C:\Program Files\Microsoft SQL Server\100\DTS\Binn\;C:\Program Files (x86)\Skype\Phone\;C:\Program Files\Git\cmd;C:\Program Files\Git\mingw64\bin;C:\Program Files\Git\usr\bin;C:\Users\mahak\Downloads\apache-ant-1.9.6-bin\apache-ant-1.9.6\bin;." />
    <property name="env.NUMBER_OF_PROCESSORS" value="4" />
    <property name="java.vm.vendor" value="Oracle Corporation" />
    <property name="java.runtime.name" value="Java(TM) SE Runtime Environment" />
    <property name="java.class.path" value="C:\eclipse-workspace\jUnitTest\build;C:\jars\commons-logging-1.1.3.jar;C:\jars\hamcrest-all-1.1.jar;C:\jars\junit-4.12.jar;C:\jars\jxl.jar;C:\jars\log4j-1.2.17.jar;C:\jars\mysql-connector-java-5.0.8-bin.jar;C:\jars\poi-3.13-20150929.jar;C:\jars\poi-ooxml-3.13-20150929.jar;C:\jars\poi-ooxml-schemas-3.13-20150929.jar;C:\jars\xmlbeans-2.6.0.jar;C:\Users\mahak\Downloads\apache-ant-1.9.6-bin\apache-ant-1.9.6\lib\ant-launcher.jar;C:\Users\mahak\Downloads\apache-ant-1.9.6-bin\apache-ant-1.9.6\lib\ant.jar;C:\Users\mahak\Downloads\apache-ant-1.9.6-bin\apache-ant-1.9.6\lib\ant-junit.jar;C:\Users\mahak\Downloads\apache-ant-1.9.6-bin\apache-ant-1.9.6\lib\ant-junit4.jar" />
    <property name="ant.version" value="Apache Ant(TM) version 1.9.6 compiled on June 29 2015" />
    <property name="sun.java.command" value="org.apache.tools.ant.taskdefs.optional.junit.JUnitTestRunner junit.test.ParameterizedTestCase skipNonTests=false filtertrace=true haltOnError=false haltOnFailure=false formatter=org.apache.tools.ant.taskdefs.optional.junit.SummaryJUnitResultFormatter showoutput=false outputtoformatters=true logfailedtests=true threadid=0 logtestlistenerevents=false formatter=org.apache.tools.ant.taskdefs.optional.junit.XMLJUnitResultFormatter,C:\eclipse-workspace\jUnitTest\reports\TEST-junit.test.ParameterizedTestCase.xml crashfile=C:\eclipse-workspace\jUnitTest\junitvmwatcher4164961268813877767.properties propsfile=C:\eclipse-workspace\jUnitTest\junit2431814362606746270.properties" />
    <property name="TSTAMP" value="1943" />
    <property name="ws.jars" value="C:\jars" />
    <property name="java.vm.specification.name" value="Java Virtual Machine Specification" />
    <property name="ant.file.type" value="file" />
    <property name="env.LOGONSERVER" value="\\MAHAK-PC" />
    <property name="env.windir" value="C:\Windows" />
    <property name="env.PROCESSOR_ARCHITECTURE" value="AMD64" />
    <property name="java.vm.specification.version" value="1.8" />
    <property name="sun.os.patch.level" value="Service Pack 1" />
    <property name="sun.cpu.endian" value="little" />
    <property name="env.ProgramFiles" value="C:\Program Files" />
    <property name="env.ANT_HOME" value="C:\Users\mahak\Downloads\apache-ant-1.9.6-bin\apache-ant-1.9.6" />
    <property name="java.io.tmpdir" value="C:\Users\mahak\AppData\Local\Temp\" />
    <property name="env.PROCESSOR_REVISION" value="2a07" />
    <property name="env.CommonProgramFiles(x86)" value="C:\Program Files (x86)\Common Files" />
    <property name="test.src" value="C:\eclipse-workspace\jUnitTest/src" />
    <property name="java.vendor.url.bug" value="http://bugreport.sun.com/bugreport/" />
    <property name="env.SystemRoot" value="C:\Windows" />
    <property name="java.awt.graphicsenv" value="sun.awt.Win32GraphicsEnvironment" />
    <property name="os.arch" value="amd64" />
    <property name="env.ANT_CMD_LINE_ARGS" value=" clean compile run" />
    <property name="java.ext.dirs" value="C:\Program Files\Java\jre8\lib\ext;C:\Windows\Sun\Java\lib\ext" />
    <property name="env.LOCALAPPDATA" value="C:\Users\mahak\AppData\Local" />
    <property name="user.dir" value="C:\eclipse-workspace\jUnitTest" />
    <property name="line.separator" value="&#xd;&#xa;" />
    <property name="ant.file.jUnitTest_Ant" value="C:\eclipse-workspace\jUnitTest\build.xml" />
    <property name="java.vm.name" value="Java HotSpot(TM) 64-Bit Server VM" />
    <property name="ANT" value="C:\Users\mahak\Downloads\apache-ant-1.9.6-bin\apache-ant-1.9.6/bin/ant.bat" />
    <property name="env.PATHEXT" value=".COM;.EXE;.BAT;.CMD;.VBS;.VBE;.JS;.JSE;.WSF;.WSH;.MSC;.PY" />
    <property name="env.Path" value="C:\Windows\system32;C:\Windows;C:\Windows\System32\Wbem;C:\Windows\System32\WindowsPowerShell\v1.0\;C:\Program Files\Java\jdk1.8.0_05\bin;C:\Dev-Cpp\bin;C:\Program Files (x86)\MySQL\MySQL Fabric 1.5.4 &amp; MySQL Utilities 1.5.4 1.5\;C:\Program Files (x86)\MySQL\MySQL Fabric 1.5.4 &amp; MySQL Utilities 1.5.4 1.5\Doctrine extensions for PHP\;C:\Program Files (x86)\Microsoft SQL Server\100\Tools\Binn\;C:\Program Files\Microsoft SQL Server\100\Tools\Binn\;C:\Program Files\Microsoft SQL Server\100\DTS\Binn\;C:\Program Files (x86)\Skype\Phone\;C:\Program Files\Git\cmd;C:\Program Files\Git\mingw64\bin;C:\Program Files\Git\usr\bin;C:\Users\mahak\Downloads\apache-ant-1.9.6-bin\apache-ant-1.9.6\bin" />
    <property name="basedir" value="C:\eclipse-workspace\jUnitTest" />
    <property name="ant.java.version" value="1.8" />
    <property name="ant.core.lib" value="C:\Users\mahak\Downloads\apache-ant-1.9.6-bin\apache-ant-1.9.6\lib\ant.jar" />
    <property name="env.USERNAME" value="mahak" />
    <property name="env.SystemDrive" value="C:" />
    <property name="file.encoding" value="Cp1252" />
    <property name="sun.stderr.encoding" value="cp437" />
    <property name="env.USERDOMAIN" value="mahak-PC" />
    <property name="java.specification.version" value="1.8" />
    <property name="env.=C:" value="C:\eclipse-workspace\jUnitTest" />
    <property name="ant.project.invoked-targets" value="clean,compile,run" />
    <property name="env.PROCESSOR_LEVEL" value="6" />
  </properties>
  <testcase classname="junit.test.ParameterizedTestCase" name="registerTest[0]" time="0.001" />
  <testcase classname="junit.test.ParameterizedTestCase" name="registerTest[1]" time="0.0" />
  <system-out><![CDATA[testing registration--user1--pass1--10
testing registration--user2--pass2--20
]]></system-out>
  <system-err><![CDATA[]]></system-err>
</testsuite>
