<?xml version="1.0" encoding="UTF-8"?>
<!-- Generated by org.testng.reporters.JUnitReportReporter -->
<testsuite hostname="mahak-PC" name="dataDrivenFramework.suiteA.Test2" tests="3" failures="3" timestamp="25 Dec 2015 13:35:10 GMT" time="0.019" errors="0">
  <testcase name="test2" time="0.000" classname="dataDrivenFramework.suiteA.Test2"/>
  <testcase name="test2" time="0.018" classname="dataDrivenFramework.suiteA.Test2"/>
  <testcase name="test2" time="0.001" classname="dataDrivenFramework.suiteA.Test2"/>
</testsuite> <!-- dataDrivenFramework.suiteA.Test2 -->
