<?xml version="1.0" encoding="UTF-8"?>
<!-- Generated by org.testng.reporters.JUnitReportReporter -->
<testsuite hostname="mahak-PC" name="dataDrivenFramework.portfolio.Test2" tests="3" failures="3" timestamp="26 Dec 2015 08:02:41 GMT" time="0.005" errors="0">
  <testcase name="test2" time="0.002" classname="dataDrivenFramework.portfolio.Test2"/>
  <testcase name="test2" time="0.001" classname="dataDrivenFramework.portfolio.Test2"/>
  <testcase name="test2" time="0.002" classname="dataDrivenFramework.portfolio.Test2"/>
</testsuite> <!-- dataDrivenFramework.portfolio.Test2 -->
