<?xml version="1.0" encoding="UTF-8"?>
<!-- Generated by org.testng.reporters.JUnitReportReporter -->
<testsuite hostname="mahak-PC" name="com.learntetsng.SampleTest" tests="1" failures="0" timestamp="20 Dec 2015 07:48:56 GMT" time="0.004" errors="0">
  <testcase name="testSample" time="0.004" classname="com.learntetsng.SampleTest"/>
</testsuite>
