<?xml version="1.0" encoding="UTF-8"?>
<!-- Generated by org.testng.reporters.JUnitReportReporter -->
<testsuite hostname="mahak-PC" name="module11.LaunchDynamically" tests="2" failures="0" timestamp="17 Nov 2015 19:47:33 GMT" time="22.259" errors="0">
  <testcase name="testApp" time="13.871" classname="module11.LaunchDynamically"/>
  <testcase name="testApp" time="8.388" classname="module11.LaunchDynamically"/>
</testsuite> <!-- module11.LaunchDynamically -->
