<?xml version="1.0" encoding="UTF-8"?>
<!-- Generated by org.testng.reporters.JUnitReportReporter -->
<testsuite hostname="mahak-PC" name="com.learntetsng.AppTest" tests="1" failures="0" timestamp="20 Dec 2015 06:26:01 GMT" time="0.022" errors="0">
  <testcase name="testApp" time="0.022" classname="com.learntetsng.AppTest"/>
</testsuite> <!-- com.learntetsng.AppTest -->
