<?xml version="1.0" encoding="UTF-8"?>
<!-- Generated by org.testng.reporters.JUnitReportReporter -->
<testsuite hostname="mahak-PC" name="suiteB.Test4" tests="1" failures="0" timestamp="2 Jan 2016 10:02:09 GMT" time="0.001" errors="0">
  <testcase name="test4" time="0.001" classname="suiteB.Test4"/>
</testsuite> <!-- suiteB.Test4 -->
